<?xml version="1.0" encoding="UTF-8"?>
<!-- Generated by org.testng.reporters.JUnitReportReporter -->
<testsuite skipped="0" hostname="DESKTOP-2SOPQNI" name="test.SearchProductAndPrint" tests="1" failures="0" timestamp="08 Dec 2017 19:39:54 GMT" time="5.994" errors="0">
  <testcase name="searchTopRatedMovies" time="5.994" classname="test.SearchProductAndPrint"/>
</testsuite> <!-- test.SearchProductAndPrint -->
