<?xml version="1.0" encoding="UTF-8"?>
<!-- Generated by org.testng.reporters.JUnitReportReporter -->
<testsuite skipped="0" hostname="DESKTOP-2SOPQNI" name="test.ImdbTest" tests="2" failures="0" timestamp="08 Dec 2017 23:59:21 GMT" time="63.702" errors="0">
  <testcase name="createAccount" time="16.319" classname="test.ImdbTest"/>
  <testcase name="findTopRatedMovies" time="47.383" classname="test.ImdbTest"/>
</testsuite> <!-- test.ImdbTest -->
